#
# There is insufficient memory for the Java Runtime Environment to continue.
# Native memory allocation (malloc) failed to allocate 380976 bytes for Chunk::new
# Possible reasons:
#   The system is out of physical RAM or swap space
#   The process is running with CompressedOops enabled, and the Java Heap may be blocking the growth of the native heap
# Possible solutions:
#   Reduce memory load on the system
#   Increase physical memory or swap space
#   Check if swap backing store is full
#   Decrease Java heap size (-Xmx/-Xms)
#   Decrease number of Java threads
#   Decrease Java thread stack sizes (-Xss)
#   Set larger code cache with -XX:ReservedCodeCacheSize=
#   JVM is running with Unscaled Compressed Oops mode in which the Java heap is
#     placed in the first 4GB address space. The Java Heap base address is the
#     maximum limit for the native heap growth. Please use -XX:HeapBaseMinAddress
#     to set the Java Heap base and to place the Java Heap above 4GB virtual address.
# This output file may be truncated or incomplete.
#
#  Out of Memory Error (arena.cpp:184), pid=18780, tid=20648
#
# JRE version: Java(TM) SE Runtime Environment (18.0.1.1+2) (build 18.0.1.1+2-6)
# Java VM: Java HotSpot(TM) 64-Bit Server VM (18.0.1.1+2-6, mixed mode, sharing, tiered, compressed oops, compressed class ptrs, g1 gc, windows-amd64)
# No core dump will be written. Minidumps are not enabled by default on client versions of Windows
#

---------------  S U M M A R Y ------------

Command Line: -javaagent:F:\Program Files\JetBrains\IntelliJ IDEA Community Edition 2022.1.1\lib\idea_rt.jar=53737:F:\Program Files\JetBrains\IntelliJ IDEA Community Edition 2022.1.1\bin -Dfile.encoding=UTF-8 com.faznifarook.schedule.ScheduleApplication

Host: Intel(R) Core(TM) i7-7500U CPU @ 2.70GHz, 4 cores, 7G,  Windows 10 , 64 bit Build 19041 (10.0.19041.1889)
Time: Sat Sep  3 20:44:52 2022 Sri Lanka Standard Time elapsed time: 8.481131 seconds (0d 0h 0m 8s)

---------------  T H R E A D  ---------------

Current thread (0x0000024c771beb90):  JavaThread "C2 CompilerThread0" daemon [_thread_in_native, id=20648, stack(0x000000fefe100000,0x000000fefe200000)]


Current CompileTask:
C2:   8481 2212   !   4       java.util.zip.InflaterInputStream::read (122 bytes)

Stack: [0x000000fefe100000,0x000000fefe200000]
Native frames: (J=compiled Java code, j=interpreted, Vv=VM code, C=native code)
V  [jvm.dll+0x69887a]
V  [jvm.dll+0x7f38bd]
V  [jvm.dll+0x7f51ce]
V  [jvm.dll+0x7f5883]
V  [jvm.dll+0x25ca3f]
V  [jvm.dll+0xb8c2f]
V  [jvm.dll+0xb8fa5]
V  [jvm.dll+0x385a31]
V  [jvm.dll+0x34f811]
V  [jvm.dll+0x34ecaa]
V  [jvm.dll+0x22fc21]
V  [jvm.dll+0x22eff1]
V  [jvm.dll+0x1b9cfc]
V  [jvm.dll+0x23e8ca]
V  [jvm.dll+0x23cbb5]
V  [jvm.dll+0x7a5fb1]
V  [jvm.dll+0x7a03ea]
V  [jvm.dll+0x697725]
C  [ucrtbase.dll+0x21bb2]
C  [KERNEL32.DLL+0x17034]
C  [ntdll.dll+0x52651]


---------------  P R O C E S S  ---------------

Threads class SMR info:
_java_thread_list=0x0000024c7c295150, length=13, elements={
0x0000024c579a5630, 0x0000024c7719e350, 0x0000024c771a1670, 0x0000024c771bb590,
0x0000024c771bce50, 0x0000024c771bd700, 0x0000024c771bdfb0, 0x0000024c771beb90,
0x0000024c771bfc20, 0x0000024c77238470, 0x0000024c7b435ca0, 0x0000024c7b65e810,
0x0000024c7b65ecd0
}

Java Threads: ( => current thread )
  0x0000024c579a5630 JavaThread "main" [_thread_in_vm, id=17808, stack(0x000000fefd400000,0x000000fefd500000)]
  0x0000024c7719e350 JavaThread "Reference Handler" daemon [_thread_blocked, id=2284, stack(0x000000fefdb00000,0x000000fefdc00000)]
  0x0000024c771a1670 JavaThread "Finalizer" daemon [_thread_blocked, id=12272, stack(0x000000fefdc00000,0x000000fefdd00000)]
  0x0000024c771bb590 JavaThread "Signal Dispatcher" daemon [_thread_blocked, id=18868, stack(0x000000fefdd00000,0x000000fefde00000)]
  0x0000024c771bce50 JavaThread "Attach Listener" daemon [_thread_blocked, id=17972, stack(0x000000fefde00000,0x000000fefdf00000)]
  0x0000024c771bd700 JavaThread "Service Thread" daemon [_thread_blocked, id=11680, stack(0x000000fefdf00000,0x000000fefe000000)]
  0x0000024c771bdfb0 JavaThread "Monitor Deflation Thread" daemon [_thread_blocked, id=18804, stack(0x000000fefe000000,0x000000fefe100000)]
=>0x0000024c771beb90 JavaThread "C2 CompilerThread0" daemon [_thread_in_native, id=20648, stack(0x000000fefe100000,0x000000fefe200000)]
  0x0000024c771bfc20 JavaThread "C1 CompilerThread0" daemon [_thread_blocked, id=18004, stack(0x000000fefe200000,0x000000fefe300000)]
  0x0000024c77238470 JavaThread "Sweeper thread" daemon [_thread_blocked, id=9196, stack(0x000000fefe300000,0x000000fefe400000)]
  0x0000024c7b435ca0 JavaThread "Common-Cleaner" daemon [_thread_blocked, id=21100, stack(0x000000fefe400000,0x000000fefe500000)]
  0x0000024c7b65e810 JavaThread "Monitor Ctrl-Break" daemon [_thread_in_native, id=21904, stack(0x000000fefe500000,0x000000fefe600000)]
  0x0000024c7b65ecd0 JavaThread "Notification Thread" daemon [_thread_blocked, id=9540, stack(0x000000fefe600000,0x000000fefe700000)]

Other Threads:
  0x0000024c7719aca0 VMThread "VM Thread" [stack: 0x000000fefda00000,0x000000fefdb00000] [id=21172]
  0x0000024c5795de10 WatcherThread "VM Periodic Task Thread" [stack: 0x000000fefe700000,0x000000fefe800000] [id=10840]
  0x0000024c57a02100 WorkerThread "GC Thread#0" [stack: 0x000000fefd500000,0x000000fefd600000] [id=8992]
  0x0000024c7bb257a0 WorkerThread "GC Thread#1" [stack: 0x000000fefe800000,0x000000fefe900000] [id=17800]
  0x0000024c7bb25a40 WorkerThread "GC Thread#2" [stack: 0x000000fefe900000,0x000000fefea00000] [id=21916]
  0x0000024c7ba0d6b0 WorkerThread "GC Thread#3" [stack: 0x000000fefea00000,0x000000fefeb00000] [id=12828]
  0x0000024c57a12cb0 ConcurrentGCThread "G1 Main Marker" [stack: 0x000000fefd600000,0x000000fefd700000] [id=5692]
  0x0000024c57a13770 WorkerThread "G1 Conc#0" [stack: 0x000000fefd700000,0x000000fefd800000] [id=9576]
  0x0000024c57a549e0 ConcurrentGCThread "G1 Refine#0" [stack: 0x000000fefd800000,0x000000fefd900000] [id=21292]
  0x0000024c7bbfeb00 ConcurrentGCThread "G1 Refine#1" [stack: 0x000000fefeb00000,0x000000fefec00000] [id=11216]
  0x0000024c57a56210 ConcurrentGCThread "G1 Service" [stack: 0x000000fefd900000,0x000000fefda00000] [id=17748]

Threads with active compile tasks:
C2 CompilerThread0     8733 2212   !   4       java.util.zip.InflaterInputStream::read (122 bytes)
C1 CompilerThread0     8733 2278       3       org.apache.commons.logging.LogAdapter$Slf4jAdapter::createLocationAwareLog (35 bytes)

VM state: not at safepoint (normal execution)

VM Mutex/Monitor currently owned by a thread: None

Heap address: 0x0000000081c00000, size: 2020 MB, Compressed Oops mode: 32-bit

CDS archive(s) mapped at: [0x0000000800000000-0x0000000800ba0000-0x0000000800ba0000), size 12189696, SharedBaseAddress: 0x0000000800000000, ArchiveRelocationMode: 0.
Compressed class space mapped at: 0x0000000800c00000-0x0000000840c00000, reserved size: 1073741824
Narrow klass base: 0x0000000800000000, Narrow klass shift: 0, Narrow klass range: 0x100000000

GC Precious Log:
 CardTable entry size: 512
 Card Set container configuration: InlinePtr #cards 5 size 8 Array Of Cards #cards 12 size 40 Howl #buckets 4 coarsen threshold 1843 Howl Bitmap #cards 512 size 80 coarsen threshold 460 Card regions per heap region 1 cards per card region 2048
 CPUs: 4 total, 4 available
 Memory: 8072M
 Large Page Support: Disabled
 NUMA Support: Disabled
 Compressed Oops: Enabled (32-bit)
 Heap Region Size: 1M
 Heap Min Capacity: 8M
 Heap Initial Capacity: 128M
 Heap Max Capacity: 2020M
 Pre-touch: Disabled
 Parallel Workers: 4
 Concurrent Workers: 1
 Concurrent Refinement Workers: 4
 Periodic GC: Disabled

Heap:
 garbage-first heap   total 131072K, used 33668K [0x0000000081c00000, 0x0000000100000000)
  region size 1024K, 28 young (28672K), 3 survivors (3072K)
 Metaspace       used 17235K, committed 17536K, reserved 1114112K
  class space    used 2046K, committed 2176K, reserved 1048576K

Heap Regions: E=young(eden), S=young(survivor), O=old, HS=humongous(starts), HC=humongous(continues), CS=collection set, F=free, OA=open archive, CA=closed archive, TAMS=top-at-mark-start (previous, next)
|   0|0x0000000081c00000, 0x0000000081d00000, 0x0000000081d00000|100%|HS|  |TAMS 0x0000000081c00000, 0x0000000081c00000| Complete 
|   1|0x0000000081d00000, 0x0000000081e00000, 0x0000000081e00000|100%| O|  |TAMS 0x0000000081d00000, 0x0000000081d00000| Untracked 
|   2|0x0000000081e00000, 0x0000000081f00000, 0x0000000081f00000|100%| O|  |TAMS 0x0000000081e00000, 0x0000000081e00000| Untracked 
|   3|0x0000000081f00000, 0x0000000082000000, 0x0000000082000000|100%| O|  |TAMS 0x0000000081f00000, 0x0000000081f00000| Untracked 
|   4|0x0000000082000000, 0x0000000082100000, 0x0000000082100000|100%| O|  |TAMS 0x0000000082000000, 0x0000000082000000| Untracked 
|   5|0x0000000082100000, 0x0000000082200000, 0x0000000082200000|100%| O|  |TAMS 0x0000000082100000, 0x0000000082100000| Untracked 
|   6|0x0000000082200000, 0x000000008228ca00, 0x0000000082300000| 54%| O|  |TAMS 0x0000000082200000, 0x0000000082200000| Untracked 
|   7|0x0000000082300000, 0x0000000082300000, 0x0000000082400000|  0%| F|  |TAMS 0x0000000082300000, 0x0000000082300000| Untracked 
|   8|0x0000000082400000, 0x0000000082400000, 0x0000000082500000|  0%| F|  |TAMS 0x0000000082400000, 0x0000000082400000| Untracked 
|   9|0x0000000082500000, 0x0000000082500000, 0x0000000082600000|  0%| F|  |TAMS 0x0000000082500000, 0x0000000082500000| Untracked 
|  10|0x0000000082600000, 0x0000000082600000, 0x0000000082700000|  0%| F|  |TAMS 0x0000000082600000, 0x0000000082600000| Untracked 
|  11|0x0000000082700000, 0x0000000082700000, 0x0000000082800000|  0%| F|  |TAMS 0x0000000082700000, 0x0000000082700000| Untracked 
|  12|0x0000000082800000, 0x0000000082800000, 0x0000000082900000|  0%| F|  |TAMS 0x0000000082800000, 0x0000000082800000| Untracked 
|  13|0x0000000082900000, 0x0000000082900000, 0x0000000082a00000|  0%| F|  |TAMS 0x0000000082900000, 0x0000000082900000| Untracked 
|  14|0x0000000082a00000, 0x0000000082a00000, 0x0000000082b00000|  0%| F|  |TAMS 0x0000000082a00000, 0x0000000082a00000| Untracked 
|  15|0x0000000082b00000, 0x0000000082b00000, 0x0000000082c00000|  0%| F|  |TAMS 0x0000000082b00000, 0x0000000082b00000| Untracked 
|  16|0x0000000082c00000, 0x0000000082c00000, 0x0000000082d00000|  0%| F|  |TAMS 0x0000000082c00000, 0x0000000082c00000| Untracked 
|  17|0x0000000082d00000, 0x0000000082d00000, 0x0000000082e00000|  0%| F|  |TAMS 0x0000000082d00000, 0x0000000082d00000| Untracked 
|  18|0x0000000082e00000, 0x0000000082e00000, 0x0000000082f00000|  0%| F|  |TAMS 0x0000000082e00000, 0x0000000082e00000| Untracked 
|  19|0x0000000082f00000, 0x0000000082f00000, 0x0000000083000000|  0%| F|  |TAMS 0x0000000082f00000, 0x0000000082f00000| Untracked 
|  20|0x0000000083000000, 0x0000000083000000, 0x0000000083100000|  0%| F|  |TAMS 0x0000000083000000, 0x0000000083000000| Untracked 
|  21|0x0000000083100000, 0x0000000083100000, 0x0000000083200000|  0%| F|  |TAMS 0x0000000083100000, 0x0000000083100000| Untracked 
|  22|0x0000000083200000, 0x0000000083200000, 0x0000000083300000|  0%| F|  |TAMS 0x0000000083200000, 0x0000000083200000| Untracked 
|  23|0x0000000083300000, 0x0000000083300000, 0x0000000083400000|  0%| F|  |TAMS 0x0000000083300000, 0x0000000083300000| Untracked 
|  24|0x0000000083400000, 0x0000000083400000, 0x0000000083500000|  0%| F|  |TAMS 0x0000000083400000, 0x0000000083400000| Untracked 
|  25|0x0000000083500000, 0x0000000083500000, 0x0000000083600000|  0%| F|  |TAMS 0x0000000083500000, 0x0000000083500000| Untracked 
|  26|0x0000000083600000, 0x0000000083600000, 0x0000000083700000|  0%| F|  |TAMS 0x0000000083600000, 0x0000000083600000| Untracked 
|  27|0x0000000083700000, 0x0000000083700000, 0x0000000083800000|  0%| F|  |TAMS 0x0000000083700000, 0x0000000083700000| Untracked 
|  28|0x0000000083800000, 0x0000000083800000, 0x0000000083900000|  0%| F|  |TAMS 0x0000000083800000, 0x0000000083800000| Untracked 
|  29|0x0000000083900000, 0x0000000083900000, 0x0000000083a00000|  0%| F|  |TAMS 0x0000000083900000, 0x0000000083900000| Untracked 
|  30|0x0000000083a00000, 0x0000000083a00000, 0x0000000083b00000|  0%| F|  |TAMS 0x0000000083a00000, 0x0000000083a00000| Untracked 
|  31|0x0000000083b00000, 0x0000000083b00000, 0x0000000083c00000|  0%| F|  |TAMS 0x0000000083b00000, 0x0000000083b00000| Untracked 
|  32|0x0000000083c00000, 0x0000000083c00000, 0x0000000083d00000|  0%| F|  |TAMS 0x0000000083c00000, 0x0000000083c00000| Untracked 
|  33|0x0000000083d00000, 0x0000000083d00000, 0x0000000083e00000|  0%| F|  |TAMS 0x0000000083d00000, 0x0000000083d00000| Untracked 
|  34|0x0000000083e00000, 0x0000000083e00000, 0x0000000083f00000|  0%| F|  |TAMS 0x0000000083e00000, 0x0000000083e00000| Untracked 
|  35|0x0000000083f00000, 0x0000000083f00000, 0x0000000084000000|  0%| F|  |TAMS 0x0000000083f00000, 0x0000000083f00000| Untracked 
|  36|0x0000000084000000, 0x0000000084000000, 0x0000000084100000|  0%| F|  |TAMS 0x0000000084000000, 0x0000000084000000| Untracked 
|  37|0x0000000084100000, 0x0000000084100000, 0x0000000084200000|  0%| F|  |TAMS 0x0000000084100000, 0x0000000084100000| Untracked 
|  38|0x0000000084200000, 0x0000000084200000, 0x0000000084300000|  0%| F|  |TAMS 0x0000000084200000, 0x0000000084200000| Untracked 
|  39|0x0000000084300000, 0x0000000084300000, 0x0000000084400000|  0%| F|  |TAMS 0x0000000084300000, 0x0000000084300000| Untracked 
|  40|0x0000000084400000, 0x0000000084400000, 0x0000000084500000|  0%| F|  |TAMS 0x0000000084400000, 0x0000000084400000| Untracked 
|  41|0x0000000084500000, 0x0000000084500000, 0x0000000084600000|  0%| F|  |TAMS 0x0000000084500000, 0x0000000084500000| Untracked 
|  42|0x0000000084600000, 0x0000000084600000, 0x0000000084700000|  0%| F|  |TAMS 0x0000000084600000, 0x0000000084600000| Untracked 
|  43|0x0000000084700000, 0x0000000084700000, 0x0000000084800000|  0%| F|  |TAMS 0x0000000084700000, 0x0000000084700000| Untracked 
|  44|0x0000000084800000, 0x0000000084800000, 0x0000000084900000|  0%| F|  |TAMS 0x0000000084800000, 0x0000000084800000| Untracked 
|  45|0x0000000084900000, 0x0000000084900000, 0x0000000084a00000|  0%| F|  |TAMS 0x0000000084900000, 0x0000000084900000| Untracked 
|  46|0x0000000084a00000, 0x0000000084a00000, 0x0000000084b00000|  0%| F|  |TAMS 0x0000000084a00000, 0x0000000084a00000| Untracked 
|  47|0x0000000084b00000, 0x0000000084b00000, 0x0000000084c00000|  0%| F|  |TAMS 0x0000000084b00000, 0x0000000084b00000| Untracked 
|  48|0x0000000084c00000, 0x0000000084c00000, 0x0000000084d00000|  0%| F|  |TAMS 0x0000000084c00000, 0x0000000084c00000| Untracked 
|  49|0x0000000084d00000, 0x0000000084d00000, 0x0000000084e00000|  0%| F|  |TAMS 0x0000000084d00000, 0x0000000084d00000| Untracked 
|  50|0x0000000084e00000, 0x0000000084e00000, 0x0000000084f00000|  0%| F|  |TAMS 0x0000000084e00000, 0x0000000084e00000| Untracked 
|  51|0x0000000084f00000, 0x0000000084f00000, 0x0000000085000000|  0%| F|  |TAMS 0x0000000084f00000, 0x0000000084f00000| Untracked 
|  52|0x0000000085000000, 0x0000000085000000, 0x0000000085100000|  0%| F|  |TAMS 0x0000000085000000, 0x0000000085000000| Untracked 
|  53|0x0000000085100000, 0x0000000085100000, 0x0000000085200000|  0%| F|  |TAMS 0x0000000085100000, 0x0000000085100000| Untracked 
|  54|0x0000000085200000, 0x0000000085200000, 0x0000000085300000|  0%| F|  |TAMS 0x0000000085200000, 0x0000000085200000| Untracked 
|  55|0x0000000085300000, 0x0000000085300000, 0x0000000085400000|  0%| F|  |TAMS 0x0000000085300000, 0x0000000085300000| Untracked 
|  56|0x0000000085400000, 0x0000000085400000, 0x0000000085500000|  0%| F|  |TAMS 0x0000000085400000, 0x0000000085400000| Untracked 
|  57|0x0000000085500000, 0x0000000085500000, 0x0000000085600000|  0%| F|  |TAMS 0x0000000085500000, 0x0000000085500000| Untracked 
|  58|0x0000000085600000, 0x0000000085600000, 0x0000000085700000|  0%| F|  |TAMS 0x0000000085600000, 0x0000000085600000| Untracked 
|  59|0x0000000085700000, 0x0000000085700000, 0x0000000085800000|  0%| F|  |TAMS 0x0000000085700000, 0x0000000085700000| Untracked 
|  60|0x0000000085800000, 0x0000000085800000, 0x0000000085900000|  0%| F|  |TAMS 0x0000000085800000, 0x0000000085800000| Untracked 
|  61|0x0000000085900000, 0x0000000085900000, 0x0000000085a00000|  0%| F|  |TAMS 0x0000000085900000, 0x0000000085900000| Untracked 
|  62|0x0000000085a00000, 0x0000000085a00000, 0x0000000085b00000|  0%| F|  |TAMS 0x0000000085a00000, 0x0000000085a00000| Untracked 
|  63|0x0000000085b00000, 0x0000000085b00000, 0x0000000085c00000|  0%| F|  |TAMS 0x0000000085b00000, 0x0000000085b00000| Untracked 
|  64|0x0000000085c00000, 0x0000000085c00000, 0x0000000085d00000|  0%| F|  |TAMS 0x0000000085c00000, 0x0000000085c00000| Untracked 
|  65|0x0000000085d00000, 0x0000000085d00000, 0x0000000085e00000|  0%| F|  |TAMS 0x0000000085d00000, 0x0000000085d00000| Untracked 
|  66|0x0000000085e00000, 0x0000000085e00000, 0x0000000085f00000|  0%| F|  |TAMS 0x0000000085e00000, 0x0000000085e00000| Untracked 
|  67|0x0000000085f00000, 0x0000000085f00000, 0x0000000086000000|  0%| F|  |TAMS 0x0000000085f00000, 0x0000000085f00000| Untracked 
|  68|0x0000000086000000, 0x0000000086000000, 0x0000000086100000|  0%| F|  |TAMS 0x0000000086000000, 0x0000000086000000| Untracked 
|  69|0x0000000086100000, 0x0000000086100000, 0x0000000086200000|  0%| F|  |TAMS 0x0000000086100000, 0x0000000086100000| Untracked 
|  70|0x0000000086200000, 0x0000000086200000, 0x0000000086300000|  0%| F|  |TAMS 0x0000000086200000, 0x0000000086200000| Untracked 
|  71|0x0000000086300000, 0x0000000086300000, 0x0000000086400000|  0%| F|  |TAMS 0x0000000086300000, 0x0000000086300000| Untracked 
|  72|0x0000000086400000, 0x0000000086400000, 0x0000000086500000|  0%| F|  |TAMS 0x0000000086400000, 0x0000000086400000| Untracked 
|  73|0x0000000086500000, 0x0000000086500000, 0x0000000086600000|  0%| F|  |TAMS 0x0000000086500000, 0x0000000086500000| Untracked 
|  74|0x0000000086600000, 0x0000000086600000, 0x0000000086700000|  0%| F|  |TAMS 0x0000000086600000, 0x0000000086600000| Untracked 
|  75|0x0000000086700000, 0x0000000086700000, 0x0000000086800000|  0%| F|  |TAMS 0x0000000086700000, 0x0000000086700000| Untracked 
|  76|0x0000000086800000, 0x0000000086800000, 0x0000000086900000|  0%| F|  |TAMS 0x0000000086800000, 0x0000000086800000| Untracked 
|  77|0x0000000086900000, 0x0000000086900000, 0x0000000086a00000|  0%| F|  |TAMS 0x0000000086900000, 0x0000000086900000| Untracked 
|  78|0x0000000086a00000, 0x0000000086a00000, 0x0000000086b00000|  0%| F|  |TAMS 0x0000000086a00000, 0x0000000086a00000| Untracked 
|  79|0x0000000086b00000, 0x0000000086b00000, 0x0000000086c00000|  0%| F|  |TAMS 0x0000000086b00000, 0x0000000086b00000| Untracked 
|  80|0x0000000086c00000, 0x0000000086c00000, 0x0000000086d00000|  0%| F|  |TAMS 0x0000000086c00000, 0x0000000086c00000| Untracked 
|  81|0x0000000086d00000, 0x0000000086d00000, 0x0000000086e00000|  0%| F|  |TAMS 0x0000000086d00000, 0x0000000086d00000| Untracked 
|  82|0x0000000086e00000, 0x0000000086e00000, 0x0000000086f00000|  0%| F|  |TAMS 0x0000000086e00000, 0x0000000086e00000| Untracked 
|  83|0x0000000086f00000, 0x0000000086f00000, 0x0000000087000000|  0%| F|  |TAMS 0x0000000086f00000, 0x0000000086f00000| Untracked 
|  84|0x0000000087000000, 0x0000000087000000, 0x0000000087100000|  0%| F|  |TAMS 0x0000000087000000, 0x0000000087000000| Untracked 
|  85|0x0000000087100000, 0x0000000087100000, 0x0000000087200000|  0%| F|  |TAMS 0x0000000087100000, 0x0000000087100000| Untracked 
|  86|0x0000000087200000, 0x0000000087200000, 0x0000000087300000|  0%| F|  |TAMS 0x0000000087200000, 0x0000000087200000| Untracked 
|  87|0x0000000087300000, 0x0000000087300000, 0x0000000087400000|  0%| F|  |TAMS 0x0000000087300000, 0x0000000087300000| Untracked 
|  88|0x0000000087400000, 0x0000000087400000, 0x0000000087500000|  0%| F|  |TAMS 0x0000000087400000, 0x0000000087400000| Untracked 
|  89|0x0000000087500000, 0x0000000087500000, 0x0000000087600000|  0%| F|  |TAMS 0x0000000087500000, 0x0000000087500000| Untracked 
|  90|0x0000000087600000, 0x0000000087600000, 0x0000000087700000|  0%| F|  |TAMS 0x0000000087600000, 0x0000000087600000| Untracked 
|  91|0x0000000087700000, 0x0000000087700000, 0x0000000087800000|  0%| F|  |TAMS 0x0000000087700000, 0x0000000087700000| Untracked 
|  92|0x0000000087800000, 0x0000000087800000, 0x0000000087900000|  0%| F|  |TAMS 0x0000000087800000, 0x0000000087800000| Untracked 
|  93|0x0000000087900000, 0x0000000087900000, 0x0000000087a00000|  0%| F|  |TAMS 0x0000000087900000, 0x0000000087900000| Untracked 
|  94|0x0000000087a00000, 0x0000000087a00000, 0x0000000087b00000|  0%| F|  |TAMS 0x0000000087a00000, 0x0000000087a00000| Untracked 
|  95|0x0000000087b00000, 0x0000000087b00000, 0x0000000087c00000|  0%| F|  |TAMS 0x0000000087b00000, 0x0000000087b00000| Untracked 
|  96|0x0000000087c00000, 0x0000000087c00000, 0x0000000087d00000|  0%| F|  |TAMS 0x0000000087c00000, 0x0000000087c00000| Untracked 
|  97|0x0000000087d00000, 0x0000000087d00000, 0x0000000087e00000|  0%| F|  |TAMS 0x0000000087d00000, 0x0000000087d00000| Untracked 
|  98|0x0000000087e00000, 0x0000000087e00000, 0x0000000087f00000|  0%| F|  |TAMS 0x0000000087e00000, 0x0000000087e00000| Untracked 
|  99|0x0000000087f00000, 0x0000000087f5c9d0, 0x0000000088000000| 36%| E|  |TAMS 0x0000000087f00000, 0x0000000087f00000| Complete 
| 100|0x0000000088000000, 0x0000000088100000, 0x0000000088100000|100%| E|CS|TAMS 0x0000000088000000, 0x0000000088000000| Complete 
| 101|0x0000000088100000, 0x0000000088154710, 0x0000000088200000| 32%| S|CS|TAMS 0x0000000088100000, 0x0000000088100000| Complete 
| 102|0x0000000088200000, 0x0000000088300000, 0x0000000088300000|100%| S|CS|TAMS 0x0000000088200000, 0x0000000088200000| Complete 
| 103|0x0000000088300000, 0x0000000088400000, 0x0000000088400000|100%| S|CS|TAMS 0x0000000088300000, 0x0000000088300000| Complete 
| 104|0x0000000088400000, 0x0000000088500000, 0x0000000088500000|100%| E|CS|TAMS 0x0000000088400000, 0x0000000088400000| Complete 
| 105|0x0000000088500000, 0x0000000088600000, 0x0000000088600000|100%| E|CS|TAMS 0x0000000088500000, 0x0000000088500000| Complete 
| 106|0x0000000088600000, 0x0000000088700000, 0x0000000088700000|100%| E|CS|TAMS 0x0000000088600000, 0x0000000088600000| Complete 
| 107|0x0000000088700000, 0x0000000088800000, 0x0000000088800000|100%| E|CS|TAMS 0x0000000088700000, 0x0000000088700000| Complete 
| 108|0x0000000088800000, 0x0000000088900000, 0x0000000088900000|100%| E|CS|TAMS 0x0000000088800000, 0x0000000088800000| Complete 
| 109|0x0000000088900000, 0x0000000088a00000, 0x0000000088a00000|100%| E|CS|TAMS 0x0000000088900000, 0x0000000088900000| Complete 
| 110|0x0000000088a00000, 0x0000000088b00000, 0x0000000088b00000|100%| E|CS|TAMS 0x0000000088a00000, 0x0000000088a00000| Complete 
| 111|0x0000000088b00000, 0x0000000088c00000, 0x0000000088c00000|100%| E|CS|TAMS 0x0000000088b00000, 0x0000000088b00000| Complete 
| 112|0x0000000088c00000, 0x0000000088d00000, 0x0000000088d00000|100%| E|CS|TAMS 0x0000000088c00000, 0x0000000088c00000| Complete 
| 113|0x0000000088d00000, 0x0000000088e00000, 0x0000000088e00000|100%| E|CS|TAMS 0x0000000088d00000, 0x0000000088d00000| Complete 
| 114|0x0000000088e00000, 0x0000000088f00000, 0x0000000088f00000|100%| E|CS|TAMS 0x0000000088e00000, 0x0000000088e00000| Complete 
| 115|0x0000000088f00000, 0x0000000089000000, 0x0000000089000000|100%| E|CS|TAMS 0x0000000088f00000, 0x0000000088f00000| Complete 
| 116|0x0000000089000000, 0x0000000089100000, 0x0000000089100000|100%| E|CS|TAMS 0x0000000089000000, 0x0000000089000000| Complete 
| 117|0x0000000089100000, 0x0000000089200000, 0x0000000089200000|100%| E|CS|TAMS 0x0000000089100000, 0x0000000089100000| Complete 
| 118|0x0000000089200000, 0x0000000089300000, 0x0000000089300000|100%| E|CS|TAMS 0x0000000089200000, 0x0000000089200000| Complete 
| 119|0x0000000089300000, 0x0000000089400000, 0x0000000089400000|100%| E|CS|TAMS 0x0000000089300000, 0x0000000089300000| Complete 
| 120|0x0000000089400000, 0x0000000089500000, 0x0000000089500000|100%| E|CS|TAMS 0x0000000089400000, 0x0000000089400000| Complete 
| 121|0x0000000089500000, 0x0000000089600000, 0x0000000089600000|100%| E|CS|TAMS 0x0000000089500000, 0x0000000089500000| Complete 
| 122|0x0000000089600000, 0x0000000089700000, 0x0000000089700000|100%| E|CS|TAMS 0x0000000089600000, 0x0000000089600000| Complete 
| 123|0x0000000089700000, 0x0000000089800000, 0x0000000089800000|100%| E|CS|TAMS 0x0000000089700000, 0x0000000089700000| Complete 
| 124|0x0000000089800000, 0x0000000089900000, 0x0000000089900000|100%| E|CS|TAMS 0x0000000089800000, 0x0000000089800000| Complete 
| 125|0x0000000089900000, 0x0000000089a00000, 0x0000000089a00000|100%| E|CS|TAMS 0x0000000089900000, 0x0000000089900000| Complete 
| 126|0x0000000089a00000, 0x0000000089b00000, 0x0000000089b00000|100%| E|CS|TAMS 0x0000000089a00000, 0x0000000089a00000| Complete 
| 127|0x0000000089b00000, 0x0000000089c00000, 0x0000000089c00000|100%| E|CS|TAMS 0x0000000089b00000, 0x0000000089b00000| Complete 

Card table byte_map: [0x0000024c70500000,0x0000024c70900000] _byte_map_base: 0x0000024c700f2000

Marking Bits (Prev, Next): (CMBitMap*) 0x0000024c57a02700, (CMBitMap*) 0x0000024c57a02740
 Prev Bits: [0x0000024c70d00000, 0x0000024c72c90000)
 Next Bits: [0x0000024c72c90000, 0x0000024c74c20000)

Polling page: 0x0000024c577d0000

Metaspace:

Usage:
  Non-class:     14.90 MB used.
      Class:      2.00 MB used.
       Both:     16.91 MB used.

Virtual space:
  Non-class space:       64.00 MB reserved,      15.06 MB ( 24%) committed,  1 nodes.
      Class space:        1.00 GB reserved,       2.12 MB ( <1%) committed,  1 nodes.
             Both:        1.06 GB reserved,      17.19 MB (  2%) committed. 

Chunk freelists:
   Non-Class:  368.00 KB
       Class:  1.86 MB
        Both:  2.22 MB

MaxMetaspaceSize: unlimited
CompressedClassSpaceSize: 1.00 GB
Initial GC threshold: 21.00 MB
Current GC threshold: 21.00 MB
CDS: on
MetaspaceReclaimPolicy: balanced
 - commit_granule_bytes: 65536.
 - commit_granule_words: 8192.
 - virtual_space_node_default_size: 8388608.
 - enlarge_chunks_in_place: 1.
 - new_chunks_are_fully_committed: 0.
 - uncommit_free_chunks: 1.
 - use_allocation_guard: 0.


Internal statistics:

num_allocs_failed_limit: 0.
num_arena_births: 194.
num_arena_deaths: 0.
num_vsnodes_births: 2.
num_vsnodes_deaths: 0.
num_space_committed: 275.
num_space_uncommitted: 0.
num_chunks_returned_to_freelist: 0.
num_chunks_taken_from_freelist: 769.
num_chunk_merges: 0.
num_chunk_splits: 524.
num_chunks_enlarged: 422.
num_inconsistent_stats: 0.

CodeHeap 'non-profiled nmethods': size=120000Kb used=856Kb max_used=856Kb free=119143Kb
 bounds [0x0000024c685b0000, 0x0000024c68820000, 0x0000024c6fae0000]
CodeHeap 'profiled nmethods': size=120000Kb used=4645Kb max_used=4645Kb free=115354Kb
 bounds [0x0000024c61080000, 0x0000024c61510000, 0x0000024c685b0000]
CodeHeap 'non-nmethods': size=5760Kb used=1188Kb max_used=1241Kb free=4571Kb
 bounds [0x0000024c60ae0000, 0x0000024c60d50000, 0x0000024c61080000]
 total_blobs=2778 nmethods=2304 adapters=386
 compilation: enabled
              stopped_count=0, restarted_count=0
 full_count=0

Compilation events (20 events):
Event: 8.338 Thread 0x0000024c771bfc20 nmethod 2202 0x0000024c614b1590 code [0x0000024c614b1740, 0x0000024c614b1888]
Event: 8.338 Thread 0x0000024c771bfc20 2203       3       java.util.RegularEnumSet$EnumSetIterator::next (60 bytes)
Event: 8.338 Thread 0x0000024c771bfc20 nmethod 2203 0x0000024c614b1910 code [0x0000024c614b1ae0, 0x0000024c614b1d98]
Event: 8.338 Thread 0x0000024c771bfc20 2204       3       java.lang.Long::numberOfTrailingZeros (26 bytes)
Event: 8.338 Thread 0x0000024c771beb90 2205       4       org.springframework.util.ObjectUtils::nullSafeEquals (55 bytes)
Event: 8.339 Thread 0x0000024c771bfc20 nmethod 2204 0x0000024c614b1f10 code [0x0000024c614b20c0, 0x0000024c614b2278]
Event: 8.339 Thread 0x0000024c771bfc20 2206       3       org.springframework.core.type.AnnotatedTypeMetadata::isAnnotated (13 bytes)
Event: 8.339 Thread 0x0000024c771bfc20 nmethod 2206 0x0000024c614b2310 code [0x0000024c614b24c0, 0x0000024c614b2758]
Event: 8.339 Thread 0x0000024c771bfc20 2207       3       java.lang.ClassLoader::getResource (41 bytes)
Event: 8.339 Thread 0x0000024c771bfc20 nmethod 2207 0x0000024c614b2890 code [0x0000024c614b2a80, 0x0000024c614b3078]
Event: 8.340 Thread 0x0000024c771beb90 nmethod 2205 0x0000024c68684790 code [0x0000024c68684920, 0x0000024c68684a68]
Event: 8.372 Thread 0x0000024c771bfc20 2208       3       jdk.internal.loader.BuiltinClassLoader::findResourceOnClassPath (41 bytes)
Event: 8.372 Thread 0x0000024c771bfc20 nmethod 2208 0x0000024c614b3290 code [0x0000024c614b3460, 0x0000024c614b3848]
Event: 8.374 Thread 0x0000024c771bfc20 2209       3       org.springframework.core.OrderComparator::getOrder (111 bytes)
Event: 8.374 Thread 0x0000024c771bfc20 nmethod 2209 0x0000024c614b3990 code [0x0000024c614b3be0, 0x0000024c614b4558]
Event: 8.374 Thread 0x0000024c771bfc20 2210       3       org.springframework.core.OrderComparator::getOrder (22 bytes)
Event: 8.375 Thread 0x0000024c771bfc20 nmethod 2210 0x0000024c614b4810 code [0x0000024c614b49c0, 0x0000024c614b4c48]
Event: 8.375 Thread 0x0000024c771bfc20 2211       3       org.springframework.core.OrderComparator::findOrder (24 bytes)
Event: 8.375 Thread 0x0000024c771bfc20 nmethod 2211 0x0000024c614b4d10 code [0x0000024c614b4f00, 0x0000024c614b55e8]
Event: 8.407 Thread 0x0000024c771beb90 2212   !   4       java.util.zip.InflaterInputStream::read (122 bytes)

GC Heap History (6 events):
Event: 1.388 GC heap before
{Heap before GC invocations=0 (full 0):
 garbage-first heap   total 131072K, used 13312K [0x0000000081c00000, 0x0000000100000000)
  region size 1024K, 13 young (13312K), 0 survivors (0K)
 Metaspace       used 3338K, committed 3520K, reserved 1114112K
  class space    used 327K, committed 384K, reserved 1048576K
}
Event: 1.403 GC heap after
{Heap after GC invocations=1 (full 0):
 garbage-first heap   total 131072K, used 6513K [0x0000000081c00000, 0x0000000100000000)
  region size 1024K, 2 young (2048K), 2 survivors (2048K)
 Metaspace       used 3338K, committed 3520K, reserved 1114112K
  class space    used 327K, committed 384K, reserved 1048576K
}
Event: 2.978 GC heap before
{Heap before GC invocations=1 (full 0):
 garbage-first heap   total 131072K, used 15729K [0x0000000081c00000, 0x0000000100000000)
  region size 1024K, 11 young (11264K), 2 survivors (2048K)
 Metaspace       used 5973K, committed 6144K, reserved 1114112K
  class space    used 674K, committed 768K, reserved 1048576K
}
Event: 2.982 GC heap after
{Heap after GC invocations=2 (full 0):
 garbage-first heap   total 131072K, used 7621K [0x0000000081c00000, 0x0000000100000000)
  region size 1024K, 1 young (1024K), 1 survivors (1024K)
 Metaspace       used 5973K, committed 6144K, reserved 1114112K
  class space    used 674K, committed 768K, reserved 1048576K
}
Event: 5.618 GC heap before
{Heap before GC invocations=2 (full 0):
 garbage-first heap   total 131072K, used 30149K [0x0000000081c00000, 0x0000000100000000)
  region size 1024K, 24 young (24576K), 1 survivors (1024K)
 Metaspace       used 12743K, committed 13056K, reserved 1114112K
  class space    used 1516K, committed 1664K, reserved 1048576K
}
Event: 5.623 GC heap after
{Heap after GC invocations=3 (full 0):
 garbage-first heap   total 131072K, used 9092K [0x0000000081c00000, 0x0000000100000000)
  region size 1024K, 3 young (3072K), 3 survivors (3072K)
 Metaspace       used 12743K, committed 13056K, reserved 1114112K
  class space    used 1516K, committed 1664K, reserved 1048576K
}

Deoptimization events (20 events):
Event: 7.415 Thread 0x0000024c579a5630 DEOPT PACKING pc=0x0000024c611b4c31 sp=0x000000fefd4fe5d0
Event: 7.415 Thread 0x0000024c579a5630 DEOPT UNPACKING pc=0x0000024c60b32b43 sp=0x000000fefd4fdac0 mode 0
Event: 7.415 Thread 0x0000024c579a5630 DEOPT PACKING pc=0x0000024c611ae4e6 sp=0x000000fefd4fe600
Event: 7.415 Thread 0x0000024c579a5630 DEOPT UNPACKING pc=0x0000024c60b32b43 sp=0x000000fefd4fdac8 mode 0
Event: 7.534 Thread 0x0000024c579a5630 Uncommon trap: trap_request=0xffffffde fr.pc=0x0000024c6865aa30 relative=0x0000000000001b10
Event: 7.534 Thread 0x0000024c579a5630 Uncommon trap: reason=class_check action=maybe_recompile pc=0x0000024c6865aa30 method=java.util.HashMap.putVal(ILjava/lang/Object;Ljava/lang/Object;ZZ)Ljava/lang/Object; @ 203 c2
Event: 7.534 Thread 0x0000024c579a5630 DEOPT PACKING pc=0x0000024c6865aa30 sp=0x000000fefd4fe470
Event: 7.534 Thread 0x0000024c579a5630 DEOPT UNPACKING pc=0x0000024c60b323a3 sp=0x000000fefd4fe338 mode 2
Event: 7.617 Thread 0x0000024c579a5630 Uncommon trap: trap_request=0xffffffde fr.pc=0x0000024c6865aa30 relative=0x0000000000001b10
Event: 7.617 Thread 0x0000024c579a5630 Uncommon trap: reason=class_check action=maybe_recompile pc=0x0000024c6865aa30 method=java.util.HashMap.putVal(ILjava/lang/Object;Ljava/lang/Object;ZZ)Ljava/lang/Object; @ 203 c2
Event: 7.617 Thread 0x0000024c579a5630 DEOPT PACKING pc=0x0000024c6865aa30 sp=0x000000fefd4fe470
Event: 7.617 Thread 0x0000024c579a5630 DEOPT UNPACKING pc=0x0000024c60b323a3 sp=0x000000fefd4fe338 mode 2
Event: 7.749 Thread 0x0000024c579a5630 Uncommon trap: trap_request=0xffffffde fr.pc=0x0000024c686443d0 relative=0x0000000000000850
Event: 7.749 Thread 0x0000024c579a5630 Uncommon trap: reason=class_check action=maybe_recompile pc=0x0000024c686443d0 method=java.util.HashMap.putVal(ILjava/lang/Object;Ljava/lang/Object;ZZ)Ljava/lang/Object; @ 91 c2
Event: 7.749 Thread 0x0000024c579a5630 DEOPT PACKING pc=0x0000024c686443d0 sp=0x000000fefd4fe200
Event: 7.749 Thread 0x0000024c579a5630 DEOPT UNPACKING pc=0x0000024c60b323a3 sp=0x000000fefd4fe128 mode 2
Event: 8.059 Thread 0x0000024c579a5630 Uncommon trap: trap_request=0xffffffde fr.pc=0x0000024c68635b14 relative=0x00000000000002d4
Event: 8.059 Thread 0x0000024c579a5630 Uncommon trap: reason=class_check action=maybe_recompile pc=0x0000024c68635b14 method=java.util.HashMap.getNode(Ljava/lang/Object;)Ljava/util/HashMap$Node; @ 128 c2
Event: 8.059 Thread 0x0000024c579a5630 DEOPT PACKING pc=0x0000024c68635b14 sp=0x000000fefd4fd8f0
Event: 8.059 Thread 0x0000024c579a5630 DEOPT UNPACKING pc=0x0000024c60b323a3 sp=0x000000fefd4fd7f8 mode 2

Classes loaded (20 events):
Event: 5.742 Loading class java/util/Hashtable$EntrySet
Event: 5.742 Loading class java/util/Hashtable$EntrySet done
Event: 5.745 Loading class java/util/AbstractList$ListItr
Event: 5.745 Loading class java/util/AbstractList$Itr
Event: 5.745 Loading class java/util/AbstractList$Itr done
Event: 5.745 Loading class java/util/AbstractList$ListItr done
Event: 5.759 Loading class java/util/regex/Pattern$BnM
Event: 5.759 Loading class java/util/regex/Pattern$BnM done
Event: 5.759 Loading class java/util/regex/Pattern$Pos
Event: 5.759 Loading class java/util/regex/Pattern$Pos done
Event: 5.767 Loading class java/net/SocketException
Event: 5.767 Loading class java/net/SocketException done
Event: 5.815 Loading class java/util/regex/Pattern$LazyLoop
Event: 5.815 Loading class java/util/regex/Pattern$LazyLoop done
Event: 6.565 Loading class java/lang/Deprecated
Event: 6.567 Loading class java/lang/Deprecated done
Event: 7.236 Loading class javax/naming/ldap/LdapContext
Event: 7.238 Loading class javax/naming/directory/DirContext
Event: 7.239 Loading class javax/naming/directory/DirContext done
Event: 7.239 Loading class javax/naming/ldap/LdapContext done

Classes unloaded (0 events):
No events

Classes redefined (0 events):
No events

Internal exceptions (20 events):
Event: 5.746 Thread 0x0000024c579a5630 Exception <a 'java/lang/ClassNotFoundException'{0x0000000089439b90}: org/springframework/beans/factory/support/BeanDefinitionRegistryPostProcessorCustomizer> (0x0000000089439b90) 
thrown [s\open\src\hotspot\share\classfile\systemDictionary.cpp, line 255]
Event: 5.747 Thread 0x0000024c579a5630 Exception <a 'java/lang/ClassNotFoundException'{0x000000008943da50}: org/springframework/beans/factory/config/BeanFactoryPostProcessorCustomizer> (0x000000008943da50) 
thrown [s\open\src\hotspot\share\classfile\systemDictionary.cpp, line 255]
Event: 5.747 Thread 0x0000024c579a5630 Exception <a 'java/lang/ClassNotFoundException'{0x00000000894417d8}: org/springframework/core/PriorityOrderedCustomizer> (0x00000000894417d8) 
thrown [s\open\src\hotspot\share\classfile\systemDictionary.cpp, line 255]
Event: 5.748 Thread 0x0000024c579a5630 Exception <a 'java/lang/ClassNotFoundException'{0x0000000089444200}: org/springframework/core/OrderedCustomizer> (0x0000000089444200) 
thrown [s\open\src\hotspot\share\classfile\systemDictionary.cpp, line 255]
Event: 5.748 Thread 0x0000024c579a5630 Exception <a 'java/lang/ClassNotFoundException'{0x0000000089447dc0}: org/springframework/context/ResourceLoaderAwareCustomizer> (0x0000000089447dc0) 
thrown [s\open\src\hotspot\share\classfile\systemDictionary.cpp, line 255]
Event: 5.749 Thread 0x0000024c579a5630 Exception <a 'java/lang/ClassNotFoundException'{0x000000008944bb18}: org/springframework/beans/factory/AwareCustomizer> (0x000000008944bb18) 
thrown [s\open\src\hotspot\share\classfile\systemDictionary.cpp, line 255]
Event: 5.749 Thread 0x0000024c579a5630 Exception <a 'java/lang/ClassNotFoundException'{0x000000008944e808}: org/springframework/context/ApplicationStartupAwareCustomizer> (0x000000008944e808) 
thrown [s\open\src\hotspot\share\classfile\systemDictionary.cpp, line 255]
Event: 5.750 Thread 0x0000024c579a5630 Exception <a 'java/lang/ClassNotFoundException'{0x00000000894527e8}: org/springframework/beans/factory/AwareCustomizer> (0x00000000894527e8) 
thrown [s\open\src\hotspot\share\classfile\systemDictionary.cpp, line 255]
Event: 5.750 Thread 0x0000024c579a5630 Exception <a 'java/lang/ClassNotFoundException'{0x00000000894554f0}: org/springframework/beans/factory/BeanClassLoaderAwareCustomizer> (0x00000000894554f0) 
thrown [s\open\src\hotspot\share\classfile\systemDictionary.cpp, line 255]
Event: 5.751 Thread 0x0000024c579a5630 Exception <a 'java/lang/ClassNotFoundException'{0x0000000089459230}: org/springframework/beans/factory/AwareCustomizer> (0x0000000089459230) 
thrown [s\open\src\hotspot\share\classfile\systemDictionary.cpp, line 255]
Event: 5.751 Thread 0x0000024c579a5630 Exception <a 'java/lang/ClassNotFoundException'{0x000000008945bd08}: org/springframework/context/EnvironmentAwareCustomizer> (0x000000008945bd08) 
thrown [s\open\src\hotspot\share\classfile\systemDictionary.cpp, line 255]
Event: 5.752 Thread 0x0000024c579a5630 Exception <a 'java/lang/ClassNotFoundException'{0x000000008945f9e0}: org/springframework/beans/factory/AwareCustomizer> (0x000000008945f9e0) 
thrown [s\open\src\hotspot\share\classfile\systemDictionary.cpp, line 255]
Event: 5.771 Thread 0x0000024c7bff57e0 Exception <a 'java/lang/NoSuchMethodError'{0x000000008935e550}: 'long java.lang.invoke.DirectMethodHandle$Holder.invokeSpecial(java.lang.Object, java.lang.Object)'> (0x000000008935e550) 
thrown [s\open\src\hotspot\share\interpreter\linkResolver.cpp, line 766]
Event: 5.773 Thread 0x0000024c7bff57e0 Exception <a 'java/lang/NoSuchMethodError'{0x00000000893c60a8}: 'long java.lang.invoke.DirectMethodHandle$Holder.invokeStatic(java.lang.Object, java.lang.Object)'> (0x00000000893c60a8) 
thrown [s\open\src\hotspot\share\interpreter\linkResolver.cpp, line 766]
Event: 5.774 Thread 0x0000024c7bff57e0 Exception <a 'java/lang/NoSuchMethodError'{0x00000000893c96a0}: 'long java.lang.invoke.DirectMethodHandle$Holder.invokeStaticInit(java.lang.Object, java.lang.Object)'> (0x00000000893c96a0) 
thrown [s\open\src\hotspot\share\interpreter\linkResolver.cpp, line 766]
Event: 5.776 Thread 0x0000024c7bff57e0 Exception <a 'java/lang/NoSuchMethodError'{0x00000000893d7af8}: 'long java.lang.invoke.DirectMethodHandle$Holder.invokeInterface(java.lang.Object, java.lang.Object)'> (0x00000000893d7af8) 
thrown [s\open\src\hotspot\share\interpreter\linkResolver.cpp, line 766]
Event: 5.777 Thread 0x0000024c7bff57e0 Exception <a 'java/lang/IncompatibleClassChangeError'{0x00000000893db080}: Found class java.lang.Object, but interface was expected> (0x00000000893db080) 
thrown [s\open\src\hotspot\share\interpreter\linkResolver.cpp, line 833]
Event: 5.791 Thread 0x0000024c7bff57e0 Exception <a 'java/lang/NoSuchMethodError'{0x00000000892a4370}: 'java.lang.Object java.lang.invoke.DirectMethodHandle$Holder.invokeVirtual(java.lang.Object, java.lang.Object, java.lang.Object, java.lang.Object)'> (0x00000000892a4370) 
thrown [s\open\src\hotspot\share\interpreter\linkResolver.cpp, line 766]
Event: 7.409 Thread 0x0000024c579a5630 Exception <a 'java/lang/IncompatibleClassChangeError'{0x0000000088cff9a8}: Found class java.lang.Object, but interface was expected> (0x0000000088cff9a8) 
thrown [s\open\src\hotspot\share\interpreter\linkResolver.cpp, line 833]
Event: 7.498 Thread 0x0000024c579a5630 Exception <a 'java/lang/NoSuchMethodError'{0x0000000088a45490}: 'void java.lang.invoke.DirectMethodHandle$Holder.invokeInterface(java.lang.Object, java.lang.Object, java.lang.Object, java.lang.Object)'> (0x0000000088a45490) 
thrown [s\open\src\hotspot\share\interpreter\linkResolver.cpp, line 766]

VM Operations (20 events):
Event: 2.553 Executing VM operation: HandshakeAllThreads
Event: 2.553 Executing VM operation: HandshakeAllThreads done
Event: 2.978 Executing VM operation: G1CollectForAllocation
Event: 2.982 Executing VM operation: G1CollectForAllocation done
Event: 3.959 Executing VM operation: HandshakeAllThreads
Event: 3.959 Executing VM operation: HandshakeAllThreads done
Event: 3.959 Executing VM operation: HandshakeAllThreads
Event: 3.959 Executing VM operation: HandshakeAllThreads done
Event: 4.963 Executing VM operation: Cleanup
Event: 4.963 Executing VM operation: Cleanup done
Event: 5.617 Executing VM operation: G1CollectForAllocation
Event: 5.623 Executing VM operation: G1CollectForAllocation done
Event: 5.736 Executing VM operation: HandshakeAllThreads
Event: 5.736 Executing VM operation: HandshakeAllThreads done
Event: 5.770 Executing VM operation: HandshakeAllThreads
Event: 5.770 Executing VM operation: HandshakeAllThreads done
Event: 6.771 Executing VM operation: Cleanup
Event: 6.771 Executing VM operation: Cleanup done
Event: 7.781 Executing VM operation: Cleanup
Event: 7.781 Executing VM operation: Cleanup done

Events (20 events):
Event: 0.051 Thread 0x0000024c771beb90 Thread added: 0x0000024c771beb90
Event: 0.051 Thread 0x0000024c771bfc20 Thread added: 0x0000024c771bfc20
Event: 0.053 Thread 0x0000024c77238470 Thread added: 0x0000024c77238470
Event: 0.183 Thread 0x0000024c7b435ca0 Thread added: 0x0000024c7b435ca0
Event: 0.227 Loaded shared library C:\Program Files\Java\jdk-18.0.1.1\bin\zip.dll
Event: 0.234 Loaded shared library C:\Program Files\Java\jdk-18.0.1.1\bin\instrument.dll
Event: 0.246 Loaded shared library C:\Program Files\Java\jdk-18.0.1.1\bin\net.dll
Event: 0.249 Loaded shared library C:\Program Files\Java\jdk-18.0.1.1\bin\nio.dll
Event: 0.255 Loaded shared library C:\Program Files\Java\jdk-18.0.1.1\bin\zip.dll
Event: 0.572 Loaded shared library F:\Program Files\JetBrains\IntelliJ IDEA Community Edition 2022.1.1\bin\breakgen64.dll
Event: 0.573 Thread 0x0000024c7b65e810 Thread added: 0x0000024c7b65e810
Event: 0.573 Thread 0x0000024c7b65ecd0 Thread added: 0x0000024c7b65ecd0
Event: 0.736 Loaded shared library C:\Program Files\Java\jdk-18.0.1.1\bin\verify.dll
Event: 0.745 Loaded shared library C:\Program Files\Java\jdk-18.0.1.1\bin\jimage.dll
Event: 3.671 Loaded shared library C:\Program Files\Java\jdk-18.0.1.1\bin\management.dll
Event: 3.674 Loaded shared library C:\Program Files\Java\jdk-18.0.1.1\bin\management_ext.dll
Event: 3.846 Thread 0x0000024c7bff57e0 Thread added: 0x0000024c7bff57e0
Event: 5.795 Thread 0x0000024c7bff57e0 Thread exited: 0x0000024c7bff57e0
Event: 7.212 Thread 0x0000024c7bff57e0 Thread added: 0x0000024c7bff57e0
Event: 7.261 Thread 0x0000024c7bff57e0 Thread exited: 0x0000024c7bff57e0


Dynamic libraries:
0x00007ff6087a0000 - 0x00007ff6087b0000 	C:\Program Files\Java\jdk-18.0.1.1\bin\java.exe
0x00007ff97a910000 - 0x00007ff97ab08000 	C:\WINDOWS\SYSTEM32\ntdll.dll
0x00007ff93a2c0000 - 0x00007ff93a2d7000 	C:\Program Files\Avast Software\Avast\aswhook.dll
0x00007ff978970000 - 0x00007ff978a2d000 	C:\WINDOWS\System32\KERNEL32.DLL
0x00007ff978490000 - 0x00007ff97875e000 	C:\WINDOWS\System32\KERNELBASE.dll
0x00007ff978290000 - 0x00007ff978390000 	C:\WINDOWS\System32\ucrtbase.dll
0x00007ff9734c0000 - 0x00007ff9734d8000 	C:\Program Files\Java\jdk-18.0.1.1\bin\jli.dll
0x00007ff978dd0000 - 0x00007ff978e7e000 	C:\WINDOWS\System32\ADVAPI32.dll
0x00007ff9734e0000 - 0x00007ff9734fa000 	C:\Program Files\Java\jdk-18.0.1.1\bin\VCRUNTIME140.dll
0x00007ff979b20000 - 0x00007ff979bbe000 	C:\WINDOWS\System32\msvcrt.dll
0x00007ff978a30000 - 0x00007ff978acc000 	C:\WINDOWS\System32\sechost.dll
0x00007ff978e80000 - 0x00007ff978fa5000 	C:\WINDOWS\System32\RPCRT4.dll
0x00007ff979980000 - 0x00007ff979b20000 	C:\WINDOWS\System32\USER32.dll
0x00007ff978910000 - 0x00007ff978932000 	C:\WINDOWS\System32\win32u.dll
0x00007ff979060000 - 0x00007ff97908a000 	C:\WINDOWS\System32\GDI32.dll
0x00007ff964600000 - 0x00007ff96489a000 	C:\WINDOWS\WinSxS\amd64_microsoft.windows.common-controls_6595b64144ccf1df_6.0.19041.1110_none_60b5254171f9507e\COMCTL32.dll
0x00007ff978760000 - 0x00007ff97886b000 	C:\WINDOWS\System32\gdi32full.dll
0x00007ff978870000 - 0x00007ff97890d000 	C:\WINDOWS\System32\msvcp_win.dll
0x00007ff96f230000 - 0x00007ff96f23a000 	C:\WINDOWS\SYSTEM32\VERSION.dll
0x00007ff97a8a0000 - 0x00007ff97a8d0000 	C:\WINDOWS\System32\IMM32.DLL
0x00007ff96faf0000 - 0x00007ff96fafc000 	C:\Program Files\Java\jdk-18.0.1.1\bin\vcruntime140_1.dll
0x00007ff94b8d0000 - 0x00007ff94b95d000 	C:\Program Files\Java\jdk-18.0.1.1\bin\msvcp140.dll
0x00007ff8d4aa0000 - 0x00007ff8d56b0000 	C:\Program Files\Java\jdk-18.0.1.1\bin\server\jvm.dll
0x00007ff978c00000 - 0x00007ff978c08000 	C:\WINDOWS\System32\PSAPI.DLL
0x00007ff962560000 - 0x00007ff962569000 	C:\WINDOWS\SYSTEM32\WSOCK32.dll
0x00007ff9648a0000 - 0x00007ff9648c7000 	C:\WINDOWS\SYSTEM32\WINMM.dll
0x00007ff979c70000 - 0x00007ff979cdb000 	C:\WINDOWS\System32\WS2_32.dll
0x00007ff9768d0000 - 0x00007ff9768e2000 	C:\WINDOWS\SYSTEM32\kernel.appcore.dll
0x00007ff96fae0000 - 0x00007ff96faea000 	C:\Program Files\Java\jdk-18.0.1.1\bin\jimage.dll
0x00007ff976590000 - 0x00007ff976774000 	C:\WINDOWS\SYSTEM32\DBGHELP.DLL
0x00007ff96d880000 - 0x00007ff96d8ac000 	C:\WINDOWS\SYSTEM32\dbgcore.DLL
0x00007ff978390000 - 0x00007ff978412000 	C:\WINDOWS\System32\bcryptPrimitives.dll
0x00007ff973460000 - 0x00007ff97346e000 	C:\Program Files\Java\jdk-18.0.1.1\bin\instrument.dll
0x00007ff95cc70000 - 0x00007ff95cc95000 	C:\Program Files\Java\jdk-18.0.1.1\bin\java.dll
0x00007ff94b7f0000 - 0x00007ff94b8c6000 	C:\Program Files\Java\jdk-18.0.1.1\bin\jsvml.dll
0x00007ff97a150000 - 0x00007ff97a894000 	C:\WINDOWS\System32\SHELL32.dll
0x00007ff975d20000 - 0x00007ff9764b4000 	C:\WINDOWS\SYSTEM32\windows.storage.dll
0x00007ff979220000 - 0x00007ff979574000 	C:\WINDOWS\System32\combase.dll
0x00007ff9779b0000 - 0x00007ff9779e0000 	C:\WINDOWS\SYSTEM32\Wldp.dll
0x00007ff978fb0000 - 0x00007ff97905d000 	C:\WINDOWS\System32\SHCORE.dll
0x00007ff979090000 - 0x00007ff9790e5000 	C:\WINDOWS\System32\shlwapi.dll
0x00007ff977f70000 - 0x00007ff977f8f000 	C:\WINDOWS\SYSTEM32\profapi.dll
0x00007ff95a3b0000 - 0x00007ff95a3c8000 	C:\Program Files\Java\jdk-18.0.1.1\bin\zip.dll
0x00007ff95d620000 - 0x00007ff95d633000 	C:\Program Files\Java\jdk-18.0.1.1\bin\net.dll
0x00007ff96f3b0000 - 0x00007ff96f4ba000 	C:\WINDOWS\SYSTEM32\WINHTTP.dll
0x00007ff977790000 - 0x00007ff9777fa000 	C:\WINDOWS\system32\mswsock.dll
0x00007ff95cc50000 - 0x00007ff95cc66000 	C:\Program Files\Java\jdk-18.0.1.1\bin\nio.dll
0x00007ff973420000 - 0x00007ff97343a000 	F:\Program Files\JetBrains\IntelliJ IDEA Community Edition 2022.1.1\bin\breakgen64.dll
0x00007ff959ef0000 - 0x00007ff959f00000 	C:\Program Files\Java\jdk-18.0.1.1\bin\verify.dll
0x00007ff971f10000 - 0x00007ff971f19000 	C:\Program Files\Java\jdk-18.0.1.1\bin\management.dll
0x00007ff971f00000 - 0x00007ff971f0b000 	C:\Program Files\Java\jdk-18.0.1.1\bin\management_ext.dll
0x00007ff95b4b0000 - 0x00007ff95b4c7000 	C:\WINDOWS\system32\napinsp.dll
0x00007ff95b490000 - 0x00007ff95b4ab000 	C:\WINDOWS\system32\pnrpnsp.dll
0x00007ff972c10000 - 0x00007ff972c25000 	C:\WINDOWS\system32\wshbth.dll
0x00007ff9736c0000 - 0x00007ff9736dd000 	C:\WINDOWS\system32\NLAapi.dll
0x00007ff977450000 - 0x00007ff97748b000 	C:\WINDOWS\SYSTEM32\IPHLPAPI.DLL
0x00007ff9774a0000 - 0x00007ff97756a000 	C:\WINDOWS\SYSTEM32\DNSAPI.dll
0x00007ff9790f0000 - 0x00007ff9790f8000 	C:\WINDOWS\System32\NSI.dll
0x00007ff95b390000 - 0x00007ff95b3a2000 	C:\WINDOWS\System32\winrnr.dll
0x00007ff970580000 - 0x00007ff97058a000 	C:\Windows\System32\rasadhlp.dll
0x00007ff96bf80000 - 0x00007ff96c000000 	C:\WINDOWS\System32\fwpuclnt.dll
0x00007ff978940000 - 0x00007ff978967000 	C:\WINDOWS\System32\bcrypt.dll

dbghelp: loaded successfully - version: 4.0.5 - missing functions: none
symbol engine: initialized successfully - sym options: 0x614 - pdb path: .;C:\Program Files\Java\jdk-18.0.1.1\bin;C:\WINDOWS\SYSTEM32;C:\Program Files\Avast Software\Avast;C:\WINDOWS\WinSxS\amd64_microsoft.windows.common-controls_6595b64144ccf1df_6.0.19041.1110_none_60b5254171f9507e;C:\Program Files\Java\jdk-18.0.1.1\bin\server;F:\Program Files\JetBrains\IntelliJ IDEA Community Edition 2022.1.1\bin

VM Arguments:
jvm_args: -javaagent:F:\Program Files\JetBrains\IntelliJ IDEA Community Edition 2022.1.1\lib\idea_rt.jar=53737:F:\Program Files\JetBrains\IntelliJ IDEA Community Edition 2022.1.1\bin -Dfile.encoding=UTF-8 
java_command: com.faznifarook.schedule.ScheduleApplication
java_class_path (initial): F:\CST17020\4.2\Training\learn-with-krish\GasStationApp\schedule\target\classes;C:\Users\FarookFazni\.m2\repository\org\springframework\boot\spring-boot-starter-data-jpa\2.7.3\spring-boot-starter-data-jpa-2.7.3.jar;C:\Users\FarookFazni\.m2\repository\org\springframework\boot\spring-boot-starter-aop\2.7.3\spring-boot-starter-aop-2.7.3.jar;C:\Users\FarookFazni\.m2\repository\org\springframework\spring-aop\5.3.22\spring-aop-5.3.22.jar;C:\Users\FarookFazni\.m2\repository\org\aspectj\aspectjweaver\1.9.7\aspectjweaver-1.9.7.jar;C:\Users\FarookFazni\.m2\repository\org\springframework\boot\spring-boot-starter-jdbc\2.7.3\spring-boot-starter-jdbc-2.7.3.jar;C:\Users\FarookFazni\.m2\repository\com\zaxxer\HikariCP\4.0.3\HikariCP-4.0.3.jar;C:\Users\FarookFazni\.m2\repository\org\springframework\spring-jdbc\5.3.22\spring-jdbc-5.3.22.jar;C:\Users\FarookFazni\.m2\repository\jakarta\transaction\jakarta.transaction-api\1.3.3\jakarta.transaction-api-1.3.3.jar;C:\Users\FarookFazni\.m2\repository\jakarta\persistence\jakarta.persistence-api\2.2.3\jakarta.persistence-api-2.2.3.jar;C:\Users\FarookFazni\.m2\repository\org\hibernate\hibernate-core\5.6.10.Final\hibernate-core-5.6.10.Final.jar;C:\Users\FarookFazni\.m2\repository\org\jboss\logging\jboss-logging\3.4.3.Final\jboss-logging-3.4.3.Final.jar;C:\Users\FarookFazni\.m2\repository\net\bytebuddy\byte-buddy\1.12.13\byte-buddy-1.12.13.jar;C:\Users\FarookFazni\.m2\repository\antlr\antlr\2.7.7\antlr-2.7.7.jar;C:\Users\FarookFazni\.m2\repository\org\jboss\jandex\2.4.2.Final\jandex-2.4.2.Final.jar;C:\Users\FarookFazni\.m2\repository\com\fasterxml\classmate\1.5.1\classmate-1.5.1.jar;C:\Users\FarookFazni\.m2\repository\org\hibernate\common\hibernate-commons-annotations\5.1.2.Final\hibernate-commons-annotations-5.1.2.Final.jar;C:\Users\FarookFazni\.m2\repository\org\glassfish\jaxb\jaxb-runtime\2.3.6\jaxb-runtime-2.3.6.jar;C:\Users\FarookFazni\.m2\repository\org\glassfish\jaxb\txw2\2.3.6\txw2-2.3.6.jar;C:\Users\FarookFazni\.m2\repository\com\sun\istack\istack-commons-runtime\3.0.12\istack-commons-runtime-3.0.12.jar;C:\Users\FarookFazni\.m2\repository\com\sun\activation\jakarta.activation\1.2.2\jakarta.activation-1.2.2.jar;C:\Users\FarookFazni\.m2\repository\org\springframework\data\spring-data-jpa\2.7.2\spring-data-jpa-2.7.2.jar;C:\Users\FarookFazni\.m2\repository\org\springframework\data\spring-data-commons\2.7.2\spring-data-commons-2.7.2.jar;C:\Users\FarookFazni\.m2\repository\org\springframework\spring-orm\5.3.22\spring-orm-5.3.22.jar;C:\Users\FarookFazni\.m2\repository\org\springframework\spring-beans\5.3.22\spring-beans-5.3.22.jar;C:\Users\FarookFazni\.m2\repository\org\slf4j\slf4j-api\1.7.36\slf4j-api-1.7.36.jar;C:\Users\FarookFazni\.m2\repository\org\springframework\spring-aspects\5.3.22\spring-aspects-5.3.22.jar;C:\Users\FarookFazni\.m2\repository\org\postgresql\postgresql\42.3.6\postgresql-42.3.6.jar;C:\Users\FarookFazni\.m2\repository\org\checkerframework\checker-qual\3.5.0\checker-qual-3.5.0.jar;C:\Users\FarookFazni\.m2\repository\com\google\code\gson\gson\2.9.0\gson-2.9.0.jar;C:\Users\FarookFazni\.m2\repository\org\projectlombok\lombok\1.18.24\lombok-1.18.24.jar;C:\Users\FarookFazni\.m2\repository\org\springframework\boot\spring-boot-starter-web\2.7.3\spring-boot-starter-web-2.7.3.jar;C:\Users\FarookFazni\.m2\repository\org\springframework\boot\spring-boot-starter\2.7.3\spring-boot-starter-2.7.3.jar;C:\Users\FarookFazni\.m2\repository\org\springframework\boot\spring-boot\2.7.3\spring-boot-2.7.3.jar;C:\Users\FarookFazni\.m2\repository\org\springframework\boot\spring-boot-autoconfigure\2.7.3\spring-boot-autoconfigure-2.7.3.jar;C:\Users\FarookFazni\.m2\repository\org\springframework\boot\spring-boot-starter-logging\2.7.3\spring-boot-starter-logging-2.7.3.jar;C:\Users\FarookFazni\.m2\repository\ch\qos\logback\logback-classic\1.2.11\logback-classic-1.2.11.jar;C:\Users\FarookFazni\.m2\repository\ch\qos\logback\logback-core\1.2.11\logback-core-1.2.11.jar;C:\Users\FarookFazni\.m2\repository\org\apache\logging\log4j\log4j-to-slf4j\2.17.2\log4j-to-slf4j-2.17.2.jar;C:\Users\FarookFazni\.m2\repository\org\apache\logging\log4j\log4j-api\2.17.2\log4j-api-2.17.2.jar;C:\Users\FarookFazni\.m2\repository\org\slf4j\jul-to-slf4j\1.7.36\jul-to-slf4j-1.7.36.jar;C:\Users\FarookFazni\.m2\repository\jakarta\annotation\jakarta.annotation-api\1.3.5\jakarta.annotation-api-1.3.5.jar;C:\Users\FarookFazni\.m2\repository\org\yaml\snakeyaml\1.30\snakeyaml-1.30.jar;C:\Users\FarookFazni\.m2\repository\org\springframework\boot\spring-boot-starter-json\2.7.3\spring-boot-starter-json-2.7.3.jar;C:\Users\FarookFazni\.m2\repository\com\fasterxml\jackson\core\jackson-databind\2.13.3\jackson-databind-2.13.3.jar;C:\Users\FarookFazni\.m2\repository\com\fasterxml\jackson\core\jackson-annotations\2.13.3\jackson-annotations-2.13.3.jar;C:\Users\FarookFazni\.m2\repository\com\fasterxml\jackson\core\jackson-core\2.13.3\jackson-core-2.13.3.jar;C:\Users\FarookFazni\.m2\repository\com\fasterxml\jackson\datatype\jackson-datatype-jdk8\2.13.3\jackson-datatype-jdk8-2.13.3.jar;C:\Users\FarookFazni\.m2\repository\com\fasterxml\jackson\datatype\jackson-datatype-jsr310\2.13.3\jackson-datatype-jsr310-2.13.3.jar;C:\Users\FarookFazni\.m2\repository\com\fasterxml\jackson\module\jackson-module-parameter-names\2.13.3\jackson-module-parameter-names-2.13.3.jar;C:\Users\FarookFazni\.m2\repository\org\springframework\boot\spring-boot-starter-tomcat\2.7.3\spring-boot-starter-tomcat-2.7.3.jar;C:\Users\FarookFazni\.m2\repository\org\apache\tomcat\embed\tomcat-embed-core\9.0.65\tomcat-embed-core-9.0.65.jar;C:\Users\FarookFazni\.m2\repository\org\apache\tomcat\embed\tomcat-embed-el\9.0.65\tomcat-embed-el-9.0.65.jar;C:\Users\FarookFazni\.m2\repository\org\apache\tomcat\embed\tomcat-embed-websocket\9.0.65\tomcat-embed-websocket-9.0.65.jar;C:\Users\FarookFazni\.m2\repository\org\springframework\spring-web\5.3.22\spring-web-5.3.22.jar;C:\Users\FarookFazni\.m2\repository\org\springframework\spring-webmvc\5.3.22\spring-webmvc-5.3.22.jar;C:\Users\FarookFazni\.m2\repository\org\springframework\spring-expression\5.3.22\spring-expression-5.3.22.jar;C:\Users\FarookFazni\.m2\repository\org\springframework\kafka\spring-kafka\2.8.8\spring-kafka-2.8.8.jar;C:\Users\FarookFazni\.m2\repository\org\springframework\spring-context\5.3.22\spring-context-5.3.22.jar;C:\Users\FarookFazni\.m2\repository\org\springframework\spring-messaging\5.3.22\spring-messaging-5.3.22.jar;C:\Users\FarookFazni\.m2\repository\org\springframework\spring-tx\5.3.22\spring-tx-5.3.22.jar;C:\Users\FarookFazni\.m2\repository\org\springframework\retry\spring-retry\1.3.3\spring-retry-1.3.3.jar;C:\Users\FarookFazni\.m2\repository\org\apache\kafka\kafka-clients\3.1.1\kafka-clients-3.1.1.jar;C:\Users\FarookFazni\.m2\repository\com\github\luben\zstd-jni\1.5.0-4\zstd-jni-1.5.0-4.jar;C:\Users\FarookFazni\.m2\repository\org\lz4\lz4-java\1.8.0\lz4-java-1.8.0.jar;C:\Users\FarookFazni\.m2\repository\org\xerial\snappy\snappy-java\1.1.8.4\snappy-java-1.1.8.4.jar;C:\Users\FarookFazni\.m2\repository\com\google\code\findbugs\jsr305\3.0.2\jsr305-3.0.2.jar;C:\Users\FarookFazni\.m2\repository\jakarta\xml\bind\jakarta.xml.bind-api\2.3.3\jakarta.xml.bind-api-2.3.3.jar;C:\Users\FarookFazni\.m2\repository\jakarta\activation\jakarta.activation-api\1.2.2\jakarta.activation-api-1.2.2.jar;C:\Users\FarookFazni\.m2\repository\org\springframework\spring-core\5.3.22\spring-core-5.3.22.jar;C:\Users\FarookFazni\.m2\repository\org\springframework\spring-jcl\5.3.22\spring-jcl-5.3.22.jar
Launcher Type: SUN_STANDARD

[Global flags]
     intx CICompilerCount                          = 3                                         {product} {ergonomic}
     uint ConcGCThreads                            = 1                                         {product} {ergonomic}
     uint G1ConcRefinementThreads                  = 4                                         {product} {ergonomic}
   size_t G1HeapRegionSize                         = 1048576                                   {product} {ergonomic}
    uintx GCDrainStackTargetSize                   = 64                                        {product} {ergonomic}
   size_t InitialHeapSize                          = 134217728                                 {product} {ergonomic}
   size_t MarkStackSize                            = 4194304                                   {product} {ergonomic}
   size_t MaxHeapSize                              = 2118123520                                {product} {ergonomic}
   size_t MaxNewSize                               = 1270874112                                {product} {ergonomic}
   size_t MinHeapDeltaBytes                        = 1048576                                   {product} {ergonomic}
   size_t MinHeapSize                              = 8388608                                   {product} {ergonomic}
    uintx NonNMethodCodeHeapSize                   = 5832780                                {pd product} {ergonomic}
    uintx NonProfiledCodeHeapSize                  = 122912730                              {pd product} {ergonomic}
    uintx ProfiledCodeHeapSize                     = 122912730                              {pd product} {ergonomic}
    uintx ReservedCodeCacheSize                    = 251658240                              {pd product} {ergonomic}
     bool SegmentedCodeCache                       = true                                      {product} {ergonomic}
   size_t SoftMaxHeapSize                          = 2118123520                             {manageable} {ergonomic}
     bool UseCompressedClassPointers               = true                           {product lp64_product} {ergonomic}
     bool UseCompressedOops                        = true                           {product lp64_product} {ergonomic}
     bool UseG1GC                                  = true                                      {product} {ergonomic}
     bool UseLargePagesIndividualAllocation        = false                                  {pd product} {ergonomic}

Logging:
Log output configuration:
 #0: stdout all=warning uptime,level,tags foldmultilines=false
 #1: stderr all=off uptime,level,tags foldmultilines=false

Environment Variables:
JAVA_HOME=C:\Program Files\Java\jdk-18.0.1.1
PATH=C:\Program Files\Common Files\Oracle\Java\javapath;C:\Program Files (x86)\Common Files\Intel\Shared Libraries\redist\intel64\compiler;C:\Program Files (x86)\Common Files\Oracle\Java\javapath;C:\WINDOWS\system32;C:\WINDOWS;C:\WINDOWS\System32\Wbem;C:\WINDOWS\System32\WindowsPowerShell\v1.0\;C:\WINDOWS\System32\OpenSSH\;C:\Program Files\Microsoft SQL Server\130\Tools\Binn\;C:\Program Files\Java\jdk-13.0.1\bin;C:\Program Files\Java\jdk1.8.0_231\bin;C:\Program Files\MySQL\MySQL Server 5.5\bin;C:\Program Files\swipl\bin;C:\Program Files\swipl\lib\jpl.jar;F:\Program Files\Tesseract-OCR;C:\xampp\php;C:\ProgramData\ComposerSetup\bin;F:\Program Files\Polyspace\R2021a\bin;C:\Program Files\NVIDIA Corporation\Nsight Compute 2020.3.1\;C:\Program Files (x86)\NVIDIA Corporation\PhysX\Common;C:\Program Files\NVIDIA Corporation\NVIDIA NvDLISR;C:\Program Files\Git\cmd;F:\Program Files\node js\;F:\Setup Files\apache-maven-3.8.6\bin;C:\Program Files\Docker\Docker\resources\bin;C:\ProgramData\DockerDesktop\version-bin;F:\Users\FarookFazni\AppData\Local\Programs\Python\Python39\Scripts\;F:\Users\FarookFazni\AppData\Local\Programs\Python\Python39\;C:\Users\FarookFazni\AppData\Local\Microsoft\WindowsApps;C:\Users\FarookFazni\AppData\Local\Programs\Microsoft VS Code\bin;F:\Program Files\flutter\bin;C:\Program Files\swipl\bin;C:\Program Files\swipl\lib\jpl.jar;C:\Users\FarookFazni\AppData\Roaming\Composer\vendor\bin;C:\Program Files\NVIDIA GPU Computing Toolkit\CUDA\v11.2\bin;C:\Program Files\NVIDIA GPU Computing Toolkit\CUDA\v11.2\libnvvp;C:\Users\FarookFazni\AppData\Roaming\npm
USERNAME=FarookFazni
OS=Windows_NT
PROCESSOR_IDENTIFIER=Intel64 Family 6 Model 142 Stepping 9, GenuineIntel



---------------  S Y S T E M  ---------------

OS:
 Windows 10 , 64 bit Build 19041 (10.0.19041.1889)
OS uptime: 0 days 9:05 hours
Hyper-V role detected

CPU: total 4 (initial active 4) (2 cores per cpu, 2 threads per core) family 6 model 142 stepping 9 microcode 0xb4, cx8, cmov, fxsr, ht, mmx, 3dnowpref, sse, sse2, sse3, ssse3, sse4.1, sse4.2, popcnt, lzcnt, tsc, tscinvbit, avx, avx2, aes, erms, clmul, bmi1, bmi2, adx, fma, vzeroupper, clflush, clflushopt, hv

Memory: 4k page, system-wide physical 8072M (250M free)
TotalPageFile size 22304M (AvailPageFile size 2M)
current process WorkingSet (physical memory assigned to process): 111M, peak: 111M
current process commit charge ("private bytes"): 241M, peak: 241M

vm_info: Java HotSpot(TM) 64-Bit Server VM (18.0.1.1+2-6) for windows-amd64 JRE (18.0.1.1+2-6), built on Apr 25 2022 21:53:15 by "mach5one" with MS VC++ 16.8 / 16.9 (VS2019)

END.
